#
# There is insufficient memory for the Java Runtime Environment to continue.
# Native memory allocation (mmap) failed to map 264241152 bytes. Error detail: G1 virtual space
# Possible reasons:
#   The system is out of physical RAM or swap space
#   This process is running with CompressedOops enabled, and the Java Heap may be blocking the growth of the native heap
# Possible solutions:
#   Reduce memory load on the system
#   Increase physical memory or swap space
#   Check if swap backing store is full
#   Decrease Java heap size (-Xmx/-Xms)
#   Decrease number of Java threads
#   Decrease Java thread stack sizes (-Xss)
#   Set larger code cache with -XX:ReservedCodeCacheSize=
#   JVM is running with Zero Based Compressed Oops mode in which the Java heap is
#     placed in the first 32GB address space. The Java Heap base address is the
#     maximum limit for the native heap growth. Please use -XX:HeapBaseMinAddress
#     to set the Java Heap base and to place the Java Heap above 32GB virtual address.
# This output file may be truncated or incomplete.
#
#  Out of Memory Error (os_windows.cpp:3707), pid=34020, tid=21996
#
# JRE version:  (23.0.2+7) (build )
# Java VM: Java HotSpot(TM) 64-Bit Server VM (23.0.2+7-58, mixed mode, sharing, tiered, compressed oops, compressed class ptrs, g1 gc, windows-amd64)
# No core dump will be written. Minidumps are not enabled by default on client versions of Windows
#

---------------  S U M M A R Y ------------

Command Line: -Dfile.encoding=UTF-8 -Dstdout.encoding=UTF-8 -Dstderr.encoding=UTF-8 --module-path=C:\Users\Sandy\OneDrive\Desktop\Codes\Java\Semester 4\Eclipse\Week05_106442\bin -XX:+ShowCodeDetailsInExceptionMessages -Djdk.module.main=Week05_106442 Week05_106442/week05.sandy.id.ac.umn.Tugas1$Main

Host: 12th Gen Intel(R) Core(TM) i5-12500H, 16 cores, 15G,  Windows 11 , 64 bit Build 26100 (10.0.26100.3323)
Time: Tue Mar 18 12:17:17 2025 SE Asia Standard Time elapsed time: 1.270384 seconds (0d 0h 0m 1s)

---------------  T H R E A D  ---------------

Current thread (0x00000221cbcdf8f0):  JavaThread "Unknown thread" [_thread_in_vm, id=21996, stack(0x0000009f64f00000,0x0000009f65000000) (1024K)]

Stack: [0x0000009f64f00000,0x0000009f65000000]
Native frames: (J=compiled Java code, j=interpreted, Vv=VM code, C=native code)
V  [jvm.dll+0x6e0b99]  (no source info available)
V  [jvm.dll+0x87e2b3]  (no source info available)
V  [jvm.dll+0x88073e]  (no source info available)
V  [jvm.dll+0x880e13]  (no source info available)
V  [jvm.dll+0x27b006]  (no source info available)
V  [jvm.dll+0x6dd485]  (no source info available)
V  [jvm.dll+0x6d127a]  (no source info available)
V  [jvm.dll+0x35b50a]  (no source info available)
V  [jvm.dll+0x363916]  (no source info available)
V  [jvm.dll+0x34fe7e]  (no source info available)
V  [jvm.dll+0x350118]  (no source info available)
V  [jvm.dll+0x328aec]  (no source info available)
V  [jvm.dll+0x32978e]  (no source info available)
V  [jvm.dll+0x8449a5]  (no source info available)
V  [jvm.dll+0x3b9a08]  (no source info available)
V  [jvm.dll+0x82d68c]  (no source info available)
V  [jvm.dll+0x454f2e]  (no source info available)
V  [jvm.dll+0x456db1]  (no source info available)
C  [jli.dll+0x52a3]  (no source info available)
C  [ucrtbase.dll+0x37b0]  (no source info available)
C  [KERNEL32.DLL+0x2e8d7]  (no source info available)
C  [ntdll.dll+0xbbf6c]  (no source info available)

Lock stack of current Java thread (top to bottom):


---------------  P R O C E S S  ---------------

Threads class SMR info:
_java_thread_list=0x00007ff874fb4618, length=0, elements={
}

Java Threads: ( => current thread )
Total: 0

Other Threads:
  0x00000221cbd44ce0 WorkerThread "GC Thread#0"                     [id=23208, stack(0x0000009f65000000,0x0000009f65100000) (1024K)]
  0x00000221cbd596b0 ConcurrentGCThread "G1 Main Marker"            [id=33088, stack(0x0000009f65100000,0x0000009f65200000) (1024K)]
  0x00000221cbd5a1c0 WorkerThread "G1 Conc#0"                       [id=9648, stack(0x0000009f65200000,0x0000009f65300000) (1024K)]

[error occurred during error reporting (printing all threads), id 0xc0000005, EXCEPTION_ACCESS_VIOLATION (0xc0000005) at pc=0x00007ff8746fc0da]
VM state: not at safepoint (not fully initialized)

VM Mutex/Monitor currently owned by a thread:  ([mutex/lock_event])
[0x00007ff875034988] Heap_lock - owner thread: 0x00000221cbcdf8f0

Heap address: 0x0000000705200000, size: 4014 MB, Compressed Oops mode: Zero based, Oop shift amount: 3

CDS archive(s) mapped at: [0x0000000000000000-0x0000000000000000-0x0000000000000000), size 0, SharedBaseAddress: 0x0000000800000000, ArchiveRelocationMode: 1.
Narrow klass base: 0x0000000000000000, Narrow klass shift: 0, Narrow klass range: 0x0

GC Precious Log:
 CardTable entry size: 512
 Card Set container configuration: InlinePtr #cards 4 size 8 Array Of Cards #cards 16 size 48 Howl #buckets 8 coarsen threshold 3686 Howl Bitmap #cards 512 size 80 coarsen threshold 460 Card regions per heap region 1 cards per card region 4096

Heap:
 garbage-first heap   total reserved 4110336K, committed 0K, used 0K [0x0000000705200000, 0x0000000800000000)
  region size 2048K, 0 young (0K), 0 survivors (0K)

[error occurred during error reporting (printing heap information), id 0xc0000005, EXCEPTION_ACCESS_VIOLATION (0xc0000005) at pc=0x00007ff874afc6a9]
GC Heap History (0 events):
No events

Dll operation events (1 events):
Event: 0.008 Loaded shared library C:\Program Files\Java\jdk-23\bin\java.dll

Deoptimization events (0 events):
No events

Classes loaded (0 events):
No events

Classes unloaded (0 events):
No events

Classes redefined (0 events):
No events

Internal exceptions (0 events):
No events

VM Operations (0 events):
No events

Memory protections (0 events):
No events

Nmethod flushes (0 events):
No events

Events (0 events):
No events


Dynamic libraries:
0x00007ff702ea0000 - 0x00007ff702eb0000 	C:\Program Files\Java\jdk-23\bin\javaw.exe
0x00007ff907ca0000 - 0x00007ff907f03000 	C:\WINDOWS\SYSTEM32\ntdll.dll
0x00007ff9061d0000 - 0x00007ff906297000 	C:\WINDOWS\System32\KERNEL32.DLL
0x00007ff905040000 - 0x00007ff905409000 	C:\WINDOWS\System32\KERNELBASE.dll
0x00007ff905970000 - 0x00007ff905abc000 	C:\WINDOWS\System32\ucrtbase.dll
0x00007ff8e1a30000 - 0x00007ff8e1a4b000 	C:\Program Files\Java\jdk-23\bin\VCRUNTIME140.dll
0x00007ff8dc1d0000 - 0x00007ff8dc1e7000 	C:\Program Files\Java\jdk-23\bin\jli.dll
0x00007ff9063c0000 - 0x00007ff90658a000 	C:\WINDOWS\System32\USER32.dll
0x00007ff905010000 - 0x00007ff905037000 	C:\WINDOWS\System32\win32u.dll
0x00007ff8e1790000 - 0x00007ff8e1a20000 	C:\WINDOWS\WinSxS\amd64_microsoft.windows.common-controls_6595b64144ccf1df_6.0.26100.3323_none_3e088096e3344490\COMCTL32.dll
0x00007ff906140000 - 0x00007ff90616a000 	C:\WINDOWS\System32\GDI32.dll
0x00007ff907b20000 - 0x00007ff907bc9000 	C:\WINDOWS\System32\msvcrt.dll
0x00007ff9056c0000 - 0x00007ff9057f1000 	C:\WINDOWS\System32\gdi32full.dll
0x00007ff905800000 - 0x00007ff9058a3000 	C:\WINDOWS\System32\msvcp_win.dll
0x00007ff907bd0000 - 0x00007ff907bff000 	C:\WINDOWS\System32\IMM32.DLL
0x00007ff8ffa30000 - 0x00007ff8ffa3c000 	C:\Program Files\Java\jdk-23\bin\vcruntime140_1.dll
0x00007ff8a0c70000 - 0x00007ff8a0cfe000 	C:\Program Files\Java\jdk-23\bin\msvcp140.dll
0x00007ff8743c0000 - 0x00007ff875110000 	C:\Program Files\Java\jdk-23\bin\server\jvm.dll
0x00007ff906770000 - 0x00007ff906822000 	C:\WINDOWS\System32\ADVAPI32.dll
0x00007ff905d40000 - 0x00007ff905de6000 	C:\WINDOWS\System32\sechost.dll
0x00007ff905ac0000 - 0x00007ff905bd6000 	C:\WINDOWS\System32\RPCRT4.dll
0x00007ff9060b0000 - 0x00007ff906124000 	C:\WINDOWS\System32\WS2_32.dll
0x00007ff903b30000 - 0x00007ff903b7e000 	C:\WINDOWS\SYSTEM32\POWRPROF.dll
0x00007ff8f8a80000 - 0x00007ff8f8ab6000 	C:\WINDOWS\SYSTEM32\WINMM.dll
0x00007ff8f1c80000 - 0x00007ff8f1c8b000 	C:\WINDOWS\SYSTEM32\VERSION.dll
0x00007ff903b10000 - 0x00007ff903b24000 	C:\WINDOWS\SYSTEM32\UMPDC.dll
0x00007ff903dd0000 - 0x00007ff903dea000 	C:\WINDOWS\SYSTEM32\kernel.appcore.dll
0x00007ff8f0590000 - 0x00007ff8f059a000 	C:\Program Files\Java\jdk-23\bin\jimage.dll
0x00007ff902720000 - 0x00007ff902961000 	C:\WINDOWS\SYSTEM32\DBGHELP.DLL
0x00007ff907760000 - 0x00007ff907ae2000 	C:\WINDOWS\System32\combase.dll
0x00007ff906690000 - 0x00007ff906766000 	C:\WINDOWS\System32\OLEAUT32.dll
0x00007ff8db2b0000 - 0x00007ff8db2e9000 	C:\WINDOWS\SYSTEM32\dbgcore.DLL
0x00007ff905620000 - 0x00007ff9056b9000 	C:\WINDOWS\System32\bcryptPrimitives.dll
0x00007ff8dc1b0000 - 0x00007ff8dc1ce000 	C:\Program Files\Java\jdk-23\bin\java.dll
0x00007ff906830000 - 0x00007ff9069c5000 	C:\WINDOWS\System32\ole32.dll
0x00007ff9069d0000 - 0x00007ff9070e5000 	C:\WINDOWS\System32\SHELL32.dll
0x00007ff904ea0000 - 0x00007ff905008000 	C:\WINDOWS\System32\wintypes.dll

dbghelp: loaded successfully - version: 4.0.5 - missing functions: none
symbol engine: initialized successfully - sym options: 0x614 - pdb path: .;C:\Program Files\Java\jdk-23\bin;C:\WINDOWS\SYSTEM32;C:\WINDOWS\WinSxS\amd64_microsoft.windows.common-controls_6595b64144ccf1df_6.0.26100.3323_none_3e088096e3344490;C:\Program Files\Java\jdk-23\bin\server

VM Arguments:
jvm_args: -Dfile.encoding=UTF-8 -Dstdout.encoding=UTF-8 -Dstderr.encoding=UTF-8 --module-path=C:\Users\Sandy\OneDrive\Desktop\Codes\Java\Semester 4\Eclipse\Week05_106442\bin -XX:+ShowCodeDetailsInExceptionMessages -Djdk.module.main=Week05_106442 
java_command: Week05_106442/week05.sandy.id.ac.umn.Tugas1$Main
java_class_path (initial): <not set>
Launcher Type: SUN_STANDARD

[Global flags]
     intx CICompilerCount                          = 12                                        {product} {ergonomic}
     uint ConcGCThreads                            = 3                                         {product} {ergonomic}
     uint G1ConcRefinementThreads                  = 13                                        {product} {ergonomic}
   size_t G1HeapRegionSize                         = 2097152                                   {product} {ergonomic}
   size_t InitialHeapSize                          = 264241152                                 {product} {ergonomic}
   size_t MarkStackSize                            = 4194304                                   {product} {ergonomic}
   size_t MarkStackSizeMax                         = 536870912                                 {product} {ergonomic}
   size_t MaxHeapSize                              = 4208984064                                {product} {ergonomic}
   size_t MinHeapDeltaBytes                        = 2097152                                   {product} {ergonomic}
   size_t MinHeapSize                              = 8388608                                   {product} {ergonomic}
    uintx NonNMethodCodeHeapSize                   = 7602176                                {pd product} {ergonomic}
    uintx NonProfiledCodeHeapSize                  = 122093568                              {pd product} {ergonomic}
    uintx ProfiledCodeHeapSize                     = 121962496                              {pd product} {ergonomic}
    uintx ReservedCodeCacheSize                    = 251658240                              {pd product} {ergonomic}
     bool SegmentedCodeCache                       = true                                      {product} {ergonomic}
     bool ShowCodeDetailsInExceptionMessages       = true                                   {manageable} {command line}
   size_t SoftMaxHeapSize                          = 4208984064                             {manageable} {ergonomic}
     bool UseCompressedOops                        = true                           {product lp64_product} {ergonomic}
     bool UseG1GC                                  = true                                      {product} {ergonomic}
     bool UseLargePagesIndividualAllocation        = false                                  {pd product} {ergonomic}

Logging:
Log output configuration:
 #0: stdout all=warning uptime,level,tags foldmultilines=false
 #1: stderr all=off uptime,level,tags foldmultilines=false

Environment Variables:
JAVA_HOME=C:\Users\Sandy\AppData\Local\Programs\Eclipse Adoptium\jdk-17.0.9.9-hotspot\
PATH=C:\Program Files\Common Files\Oracle\Java\javapath;C:\Program Files (x86)\Common Files\Oracle\Java\java8path;C:\Program Files (x86)\Common Files\Oracle\Java\javapath;C:\windows\system32;C:\windows;C:\windows\System32\Wbem;C:\windows\System32\WindowsPowerShell\v1.0\;C:\windows\System32\OpenSSH\;C:\Program Files (x86)\NVIDIA Corporation\PhysX\Common;C:\Program Files\NVIDIA Corporation\NVIDIA NvDLISR;C:\Program Files\Microsoft VS Code\bin;C:\MinGW\bin;C:\Program Files\nodejs\;C:\Program Files\dotnet\;C:\ProgramData\ComposerSetup\bin;C:\laragon\bin\php\php-8.3.13-Win32-vs16-x64;C:\WINDOWS\system32;C:\WINDOWS;C:\WINDOWS\System32\Wbem;C:\WINDOWS\System32\WindowsPowerShell\v1.0\;C:\WINDOWS\System32\OpenSSH\;C:\Program Files\Git\cmd;c:\Users\Sandy\AppData\Local\Programs\cursor\resources\app\bin;C:\Program Files (x86)\Common Files\Oracle\Java\java8path;C:\Program Files (x86)\Common Files\Oracle\Java\javapath;C:\windows\system32;C:\windows;C:\windows\System32\Wbem;C:\windows\System32\WindowsPowerShell\v1.0\;C:\windows\System32\OpenSSH\;C:\Program Files (x86)\NVIDIA Corporation\PhysX\Common;C:\Program Files\NVIDIA Corporation\NVIDIA NvDLISR;C:\Program Files\Microsoft VS Code\bin;C:\MinGW\bin;C:\Program Files\nodejs\;C:\Program Files\dotnet\;C:\ProgramData\ComposerSetup\bin;C:\laragon\bin\php\php-8.3.13-Win32-vs16-x64;C:\WINDOWS\system32;C:\WINDOWS;C:\WINDOWS\System32\Wbem;C:\WINDOWS\System32\WindowsPowerShell\v1.0\;C:\WINDOWS\System32\OpenSSH\;C:\Program Files\Git\cmd;C:\laragon\bin;C:\laragon\bin\apache\httpd-2.4.54-win64-VS16\bin;C:\laragon\bin\composer;C:\laragon\bin\git\bin;C:\laragon\bin\git\cmd;C:\laragon\bin\git\mingw64\bin;C:\laragon\bin\git\usr\bin;C:\laragon\bin\laragon\utils;C:\laragon\bin\mysql\mysql-8.0.30-winx64\bin;C:\laragon\bin\nginx\nginx-1.22.0;C:\laragon\bin\ngrok;C:\laragon\bin\nodejs\node-v18;C:\laragon\bin\notepad++;C:\laragon\bin\php\php-8.3.13-Win32-vs16-x64;C:\laragon\bin\python\python-3.10;C:\laragon\bin\python\python-3.10\Scripts;C:\laragon\bin\redis\redis-x64-5.0.14.1;C:\laragon\bin\telnet;C:\laragon\usr\bin;C:\Users\Sandy\AppData\Local\Yarn\config\global\node_modules\.bin;C:\Users\Sandy\AppData\Roaming\Composer\vendor\bin;C:\Users\Sandy\AppData\Roaming\npm;C:\Users\Sandy\AppData\Local\Programs\Eclipse Adoptium\jdk-17.0.9.9-hotspot\bin;C:\Users\Sandy\OneDrive\Desktop\Codes\Python\.venv\Scripts;C:\Users\Sandy\AppData\Local\Programs\Python\Python311\;C:\Users\Sandy\AppData\Local\Microsoft\WindowsApps;C:\Program Files\Git\usr\bin\;C:\Users\Sandy\AppData\Local\GitHubDesktop\bin;C:\Users\Sandy\AppData\Local\Programs\oh-my-posh\bin;C:\Users\Sandy\AppData\Local\Microsoft\WindowsApps;C:\Program Files\swipl\bin;C:\Users\Sandy\.bun\bin;C:\Users\Sandy\.bun\bin;C:\kotlinc\bin;
USERNAME=Sandy
OS=Windows_NT
PROCESSOR_IDENTIFIER=Intel64 Family 6 Model 154 Stepping 3, GenuineIntel
TMP=C:\Users\Sandy\AppData\Local\Temp
TEMP=C:\Users\Sandy\AppData\Local\Temp




Periodic native trim disabled

---------------  S Y S T E M  ---------------

OS:
 Windows 11 , 64 bit Build 26100 (10.0.26100.3323)
OS uptime: 0 days 23:38 hours
Hyper-V role detected

CPU: total 16 (initial active 16) (8 cores per cpu, 2 threads per core) family 6 model 154 stepping 3 microcode 0x434, cx8, cmov, fxsr, ht, mmx, 3dnowpref, sse, sse2, sse3, ssse3, sse4.1, sse4.2, popcnt, lzcnt, tsc, tscinvbit, avx, avx2, aes, erms, clmul, bmi1, bmi2, adx, sha, fma, vzeroupper, clflush, clflushopt, clwb, hv, serialize, rdtscp, rdpid, fsrm, gfni, f16c, cet_ibt, cet_ss
Processor Information for processor 0
  Max Mhz: 2500, Current Mhz: 2500, Mhz Limit: 2500
Processor Information for processor 1
  Max Mhz: 2500, Current Mhz: 2500, Mhz Limit: 2500
Processor Information for processor 2
  Max Mhz: 2500, Current Mhz: 2500, Mhz Limit: 2500
Processor Information for processor 3
  Max Mhz: 2500, Current Mhz: 2500, Mhz Limit: 2500
Processor Information for processor 4
  Max Mhz: 2500, Current Mhz: 2500, Mhz Limit: 2500
Processor Information for processor 5
  Max Mhz: 2500, Current Mhz: 2500, Mhz Limit: 2500
Processor Information for processor 6
  Max Mhz: 2500, Current Mhz: 2500, Mhz Limit: 2500
Processor Information for processor 7
  Max Mhz: 2500, Current Mhz: 2500, Mhz Limit: 2500
Processor Information for processor 8
  Max Mhz: 2500, Current Mhz: 2500, Mhz Limit: 2500
Processor Information for processor 9
  Max Mhz: 2500, Current Mhz: 2500, Mhz Limit: 2500
Processor Information for processor 10
  Max Mhz: 2500, Current Mhz: 1527, Mhz Limit: 2500
Processor Information for processor 11
  Max Mhz: 2500, Current Mhz: 1527, Mhz Limit: 2500
Processor Information for processor 12
  Max Mhz: 2500, Current Mhz: 1527, Mhz Limit: 2500
Processor Information for processor 13
  Max Mhz: 2500, Current Mhz: 1527, Mhz Limit: 2500
Processor Information for processor 14
  Max Mhz: 2500, Current Mhz: 1527, Mhz Limit: 2500
Processor Information for processor 15
  Max Mhz: 2500, Current Mhz: 1527, Mhz Limit: 2500

Memory: 4k page, system-wide physical 16051M (4244M free)
TotalPageFile size 65203M (AvailPageFile size 133M)
current process WorkingSet (physical memory assigned to process): 13M, peak: 13M
current process commit charge ("private bytes"): 71M, peak: 323M

vm_info: Java HotSpot(TM) 64-Bit Server VM (23.0.2+7-58) for windows-amd64 JRE (23.0.2+7-58), built on 2024-11-29T09:34:55Z with MS VC++ 17.6 (VS2022)

END.
